{"C:\\Users\\jessi\\quiz-app-ts\\src\\api\\quizApi.ts": {"path":"C:\\Users\\jessi\\quiz-app-ts\\src\\api\\quizApi.ts","statementMap":{"0":{"start":{"line":4,"column":18},"end":{"line":7,"column":null}},"1":{"start":{"line":7,"column":15},"end":{"line":7,"column":34}},"2":{"start":{"line":9,"column":2},"end":{"line":15,"column":null}},"3":{"start":{"line":22,"column":14},"end":{"line":24,"column":null}},"4":{"start":{"line":25,"column":2},"end":{"line":25,"column":null}},"5":{"start":{"line":25,"column":15},"end":{"line":25,"column":null}},"6":{"start":{"line":26,"column":15},"end":{"line":26,"column":null}},"7":{"start":{"line":27,"column":2},"end":{"line":27,"column":null}},"8":{"start":{"line":27,"column":32},"end":{"line":27,"column":null}},"9":{"start":{"line":28,"column":2},"end":{"line":28,"column":null}}},"fnMap":{"0":{"name":"transformQuestion","decl":{"start":{"line":3,"column":16},"end":{"line":3,"column":34}},"loc":{"start":{"line":3,"column":70},"end":{"line":16,"column":null}},"line":3},"1":{"name":"(anonymous_1)","decl":{"start":{"line":7,"column":4},"end":{"line":7,"column":15}},"loc":{"start":{"line":7,"column":15},"end":{"line":7,"column":34}},"line":7},"2":{"name":"fetchQuestions","decl":{"start":{"line":18,"column":22},"end":{"line":18,"column":null}},"loc":{"start":{"line":21,"column":23},"end":{"line":29,"column":null}},"line":21}},"branchMap":{"0":{"loc":{"start":{"line":19,"column":2},"end":{"line":19,"column":null}},"type":"default-arg","locations":[{"start":{"line":19,"column":19},"end":{"line":19,"column":null}}],"line":19},"1":{"loc":{"start":{"line":20,"column":2},"end":{"line":20,"column":null}},"type":"default-arg","locations":[{"start":{"line":20,"column":27},"end":{"line":20,"column":null}}],"line":20},"2":{"loc":{"start":{"line":25,"column":2},"end":{"line":25,"column":null}},"type":"if","locations":[{"start":{"line":25,"column":2},"end":{"line":25,"column":null}},{"start":{},"end":{}}],"line":25},"3":{"loc":{"start":{"line":27,"column":2},"end":{"line":27,"column":null}},"type":"if","locations":[{"start":{"line":27,"column":2},"end":{"line":27,"column":null}},{"start":{},"end":{}}],"line":27}},"s":{"0":6,"1":29,"2":6,"3":4,"4":3,"5":3,"6":2,"7":2,"8":2,"9":1},"f":{"0":6,"1":29,"2":4},"b":{"0":[4],"1":[4],"2":[1,2],"3":[1,1]},"meta":{"lastBranch":4,"lastFunction":3,"lastStatement":10,"seen":{"f:3:16:3:34":0,"s:4:18:7:Infinity":0,"f:7:4:7:15":1,"s:7:15:7:34":1,"s:9:2:15:Infinity":2,"f:18:22:18:Infinity":2,"b:19:19:19:Infinity":0,"b:20:27:20:Infinity":1,"s:22:14:24:Infinity":3,"b:25:2:25:Infinity:undefined:undefined:undefined:undefined":2,"s:25:2:25:Infinity":4,"s:25:15:25:Infinity":5,"s:26:15:26:Infinity":6,"b:27:2:27:Infinity:undefined:undefined:undefined:undefined":3,"s:27:2:27:Infinity":7,"s:27:32:27:Infinity":8,"s:28:2:28:Infinity":9}}}
,"C:\\Users\\jessi\\quiz-app-ts\\src\\components\\Question.tsx": {"path":"C:\\Users\\jessi\\quiz-app-ts\\src\\components\\Question.tsx","statementMap":{"0":{"start":{"line":11,"column":2},"end":{"line":24,"column":null}},"1":{"start":{"line":19,"column":10},"end":{"line":21,"column":null}},"2":{"start":{"line":19,"column":45},"end":{"line":19,"column":null}}},"fnMap":{"0":{"name":"Question","decl":{"start":{"line":10,"column":16},"end":{"line":10,"column":25}},"loc":{"start":{"line":10,"column":79},"end":{"line":26,"column":null}},"line":10},"1":{"name":"(anonymous_1)","decl":{"start":{"line":18,"column":26},"end":{"line":18,"column":31}},"loc":{"start":{"line":19,"column":10},"end":{"line":21,"column":null}},"line":19},"2":{"name":"(anonymous_2)","decl":{"start":{"line":19,"column":30},"end":{"line":19,"column":45}},"loc":{"start":{"line":19,"column":45},"end":{"line":19,"column":null}},"line":19}},"branchMap":{},"s":{"0":4,"1":16,"2":1},"f":{"0":4,"1":16,"2":1},"b":{},"meta":{"lastBranch":0,"lastFunction":3,"lastStatement":3,"seen":{"f:10:16:10:25":0,"s:11:2:24:Infinity":0,"f:18:26:18:31":1,"s:19:10:21:Infinity":1,"f:19:30:19:45":2,"s:19:45:19:Infinity":2}}}
,"C:\\Users\\jessi\\quiz-app-ts\\src\\hooks\\useQuiz.ts": {"path":"C:\\Users\\jessi\\quiz-app-ts\\src\\hooks\\useQuiz.ts","statementMap":{"0":{"start":{"line":5,"column":16},"end":{"line":11,"column":null}},"1":{"start":{"line":14,"column":20},"end":{"line":14,"column":null}},"2":{"start":{"line":15,"column":20},"end":{"line":15,"column":null}},"3":{"start":{"line":16,"column":19},"end":{"line":16,"column":null}},"4":{"start":{"line":18,"column":4},"end":{"line":24,"column":null}},"5":{"start":{"line":18,"column":24},"end":{"line":24,"column":6}},"6":{"start":{"line":28,"column":4},"end":{"line":34,"column":null}},"7":{"start":{"line":38,"column":4},"end":{"line":44,"column":null}},"8":{"start":{"line":47,"column":2},"end":{"line":47,"column":null}}},"fnMap":{"0":{"name":"useQuiz","decl":{"start":{"line":4,"column":16},"end":{"line":4,"column":26}},"loc":{"start":{"line":4,"column":26},"end":{"line":48,"column":null}},"line":4},"1":{"name":"answer","decl":{"start":{"line":13,"column":11},"end":{"line":13,"column":18}},"loc":{"start":{"line":13,"column":41},"end":{"line":25,"column":null}},"line":13},"2":{"name":"(anonymous_2)","decl":{"start":{"line":18,"column":4},"end":{"line":18,"column":14}},"loc":{"start":{"line":18,"column":24},"end":{"line":24,"column":6}},"line":18},"3":{"name":"start","decl":{"start":{"line":27,"column":11},"end":{"line":27,"column":17}},"loc":{"start":{"line":27,"column":40},"end":{"line":35,"column":null}},"line":27},"4":{"name":"reset","decl":{"start":{"line":37,"column":11},"end":{"line":37,"column":19}},"loc":{"start":{"line":37,"column":19},"end":{"line":45,"column":null}},"line":37}},"branchMap":{"0":{"loc":{"start":{"line":20,"column":13},"end":{"line":20,"column":null}},"type":"cond-expr","locations":[{"start":{"line":20,"column":23},"end":{"line":20,"column":40}},{"start":{"line":20,"column":40},"end":{"line":20,"column":null}}],"line":20},"1":{"loc":{"start":{"line":23,"column":14},"end":{"line":23,"column":null}},"type":"cond-expr","locations":[{"start":{"line":23,"column":23},"end":{"line":23,"column":36}},{"start":{"line":23,"column":36},"end":{"line":23,"column":null}}],"line":23}},"s":{"0":17,"1":5,"2":5,"3":5,"4":5,"5":5,"6":5,"7":1,"8":17},"f":{"0":17,"1":5,"2":5,"3":5,"4":1},"b":{"0":[4,1],"1":[1,4]},"meta":{"lastBranch":2,"lastFunction":5,"lastStatement":9,"seen":{"f:4:16:4:26":0,"s:5:16:11:Infinity":0,"f:13:11:13:18":1,"s:14:20:14:Infinity":1,"s:15:20:15:Infinity":2,"s:16:19:16:Infinity":3,"s:18:4:24:Infinity":4,"f:18:4:18:14":2,"s:18:24:24:6":5,"b:20:23:20:40:20:40:20:Infinity":0,"b:23:23:23:36:23:36:23:Infinity":1,"f:27:11:27:17":3,"s:28:4:34:Infinity":6,"f:37:11:37:19":4,"s:38:4:44:Infinity":7,"s:47:2:47:Infinity":8}}}
,"C:\\Users\\jessi\\quiz-app-ts\\src\\mocks\\handlers.ts": {"path":"C:\\Users\\jessi\\quiz-app-ts\\src\\mocks\\handlers.ts","statementMap":{"0":{"start":{"line":3,"column":29},"end":{"line":18,"column":null}},"1":{"start":{"line":20,"column":24},"end":{"line":27,"column":null}},"2":{"start":{"line":22,"column":4},"end":{"line":25,"column":null}}},"fnMap":{"0":{"name":"(anonymous_0)","decl":{"start":{"line":21,"column":11},"end":{"line":21,"column":48}},"loc":{"start":{"line":21,"column":48},"end":{"line":26,"column":3}},"line":21}},"branchMap":{},"s":{"0":3,"1":3,"2":1},"f":{"0":1},"b":{},"meta":{"lastBranch":0,"lastFunction":1,"lastStatement":3,"seen":{"s:3:29:18:Infinity":0,"s:20:24:27:Infinity":1,"f:21:11:21:48":0,"s:22:4:25:Infinity":2}}}
,"C:\\Users\\jessi\\quiz-app-ts\\src\\mocks\\server.ts": {"path":"C:\\Users\\jessi\\quiz-app-ts\\src\\mocks\\server.ts","statementMap":{"0":{"start":{"line":4,"column":13},"end":{"line":4,"column":null}}},"fnMap":{},"branchMap":{},"s":{"0":3},"f":{},"b":{},"meta":{"lastBranch":0,"lastFunction":0,"lastStatement":1,"seen":{"s:4:13:4:Infinity":0}}}
,"C:\\Users\\jessi\\quiz-app-ts\\src\\types\\quiz.ts": {"path":"C:\\Users\\jessi\\quiz-app-ts\\src\\types\\quiz.ts","statementMap":{},"fnMap":{},"branchMap":{},"s":{},"f":{},"b":{},"meta":{"lastBranch":0,"lastFunction":0,"lastStatement":0,"seen":{}}}
}
